<?xml version="1.0" encoding="UTF-8"?>
<!-- Generated by org.testng.reporters.JUnitReportReporter -->
<testsuite hostname="DESKTOP-FV38TLN" failures="0" tests="2" name="Mytest.programFirst" time="20.175" errors="0" timestamp="2023-05-01T17:33:35 IST" skipped="0">
  <testcase classname="Mytest.programFirst" name="verifyTitle" time="12.116"/>
  <system-out/>
  <testcase classname="Mytest.programFirst" name="verifyLogo" time="8.059"/>
  <system-out/>
</testsuite> <!-- Mytest.programFirst -->
